
> trakingtransfer@0.0.1 dev
> vite dev

Hello World - Server starting!
11:43:17 [vite-plugin-svelte] You are using Svelte 5.46.1 with vite-plugin-svelte@3. Active Svelte 5 support has moved to vite-plugin-svelte@4.
	To receive bug fixes and new features update your devDependencies to "@sveltejs/vite-plugin-svelte": "^4.0.0-next.6" and install.
	For framework integrations that depend on it, you might have to add an override:
	"overrides": {"@sveltejs/vite-plugin-svelte": "^4.0.0-next.6"}
Your tsconfig.json should extend the configuration generated by SvelteKit:
{
  "extends": "./.svelte-kit/tsconfig.json"
}

  VITE v5.4.21  ready in 931 ms

  ➜  Local:   http://localhost:5173/
  ➜  Network: use --host to expose
  ➜  press h + enter to show help
[TEST 2] Hello World from instrumentation.server.ts!
[TEST 2] Server instrumentation initialized
[TEST 2] Process PID: 148582
[TEST 1] Hello World from hooks.server.ts - Module loaded!
[TEST 1] Timestamp: 2026-03-02T11:43:22.293Z
[TEST 3] Hello World from +page.server.ts load function!
[TEST 3] User: Guest
11:43:22 [vite-plugin-svelte] src/routes/+layout.svelte:437:1 Using `<slot>` to render parent content is deprecated. Use `{@render ...}` tags instead
https://svelte.dev/e/slot_element_deprecated
11:43:24 [vite-plugin-svelte] src/routes/+layout.svelte:437:1 Using `<slot>` to render parent content is deprecated. Use `{@render ...}` tags instead
https://svelte.dev/e/slot_element_deprecated
[createCheckout] ===== ACTION STARTED =====
[createCheckout] Request URL: http://localhost:5173/?/createCheckout
[createCheckout] User: Guest
[createCheckout] amountStr: 100
[createCheckout] bookingPayloadStr length: 284
[createCheckout] bookingPayload parsed successfully
[createCheckout] Parsed form data:
  - firstName: Ali
  - lastName: bye
  - email: ali@gmail.com
  - phone: 90239324
  - departureDate: 2026-03-11
  - numBags: 3
  - route: 5 legs
[createCheckout] Checking email for user: ali@gmail.com
[createCheckout] Checking email exists for guest user: ali@gmail.com
[createCheckout] Email check passed (guest user)
[createCheckout] Checking availability for: 2026-03-11
[createCheckout] Availability check passed
[createCheckout] Generated bookingId: 8ed83042-36b6-4487-92ce-a0a25044db0c
[createCheckout] Inserting booking into database...
[createCheckout] Booking inserted successfully
[createCheckout] Creating 5 booking segments...
[createCheckout] Booking segments created: 5
[createCheckout] Creating Stripe checkout session...
[createCheckout] Stripe request details:
  - amount (EUR): 100
  - email: ali@gmail.com
  - bookingId: 8ed83042-36b6-4487-92ce-a0a25044db0c
  - success_url: http://localhost:5173/booking-success?session_id={CHECKOUT_SESSION_ID}
[createCheckout] Stripe session created successfully!
[createCheckout] session.id: cs_test_a1PDeEs7jLlaRKB8bTIZGDuWnUV4vs5U0mYFFaxAj9JHGbnwAGvXqMMcGg
[createCheckout] session.url: https://checkout.stripe.com/c/pay/cs_test_a1PDeEs7jLlaRKB8bTIZGDuWnUV4vs5U0mYFFaxAj9JHGbnwAGvXqMMcGg#fidnandhYHdWcXxpYCc%2FJ2FgY2RwaXEnKSdkdWxOYHwnPyd1blpxYHZxWjA0VnV0SUkzbFxOX1JPTXB%2FU211TFx0YTJSdGBMMX9dfDN8f3RSQHI9QTBhTEFvYU9OdFxgV0RPMH08V0xxVlNnZ11AfW1Od3F3TDZyVVRATDA1NTQzQkR3NTVfVUZiQkRVfCcpJ2N3amhWYHdzYHcnP3F3cGApJ2dkZm5id2pwa2FGamlqdyc%2FJyZjY2NjY2MnKSdpZHxqcHFRfHVgJz8ndmxrYmlgWmxxYGgnKSdga2RnaWBVaWRmYG1qaWFgd3YnP3F3cGB4JSUl
[createCheckout] Updating booking with Stripe session ID...
[createCheckout] Booking updated with stripeSessionId
[createCheckout] ===== ACTION COMPLETED SUCCESSFULLY =====
[createCheckout] Returning checkout URL to client
[createCheckout] bookingId: 8ed83042-36b6-4487-92ce-a0a25044db0c
[createCheckout] checkout URL: https://checkout.stripe.com/c/pay/cs_test_a1PDeEs7jLlaRKB8bTIZGDuWnUV4vs5U0mYFFaxAj9JHGbnwAGvXqMMcGg#fidnandhYHdWcXxpYCc%2FJ2FgY2RwaXEnKSdkdWxOYHwnPyd1blpxYHZxWjA0VnV0SUkzbFxOX1JPTXB%2FU211TFx0YTJSdGBMMX9dfDN8f3RSQHI9QTBhTEFvYU9OdFxgV0RPMH08V0xxVlNnZ11AfW1Od3F3TDZyVVRATDA1NTQzQkR3NTVfVUZiQkRVfCcpJ2N3amhWYHdzYHcnP3F3cGApJ2dkZm5id2pwa2FGamlqdyc%2FJyZjY2NjY2MnKSdpZHxqcHFRfHVgJz8ndmxrYmlgWmxxYGgnKSdga2RnaWBVaWRmYG1qaWFgd3YnP3F3cGB4JSUl
[booking-success] Loading booking for session: cs_test_a1PDeEs7jLlaRKB8bTIZGDuWnUV4vs5U0mYFFaxAj9JHGbnwAGvXqMMcGg
[booking-success] Stripe session retrieved. Metadata: { bookingId: '8ed83042-36b6-4487-92ce-a0a25044db0c' }
[booking-success] Booking ID: 8ed83042-36b6-4487-92ce-a0a25044db0c
[booking-success] Booking loaded. Status: pending UserId: null
[booking-success] No userId associated with booking
[booking-success] Returning data with passwordResetUrl: NULL
11:44:41 [vite-plugin-svelte] src/routes/booking-success/+page.svelte:5:48 This reference only captures the initial value of `data`. Did you mean to reference it inside a closure instead?
https://svelte.dev/e/state_referenced_locally
11:44:41 [vite-plugin-svelte] src/routes/booking-success/+page.svelte:95:8 Using `on:click` to listen to the click event is deprecated. Use the event attribute `onclick` instead
https://svelte.dev/e/event_directive_deprecated
11:44:42 [vite-plugin-svelte] src/routes/booking-success/+page.svelte:5:48 This reference only captures the initial value of `data`. Did you mean to reference it inside a closure instead?
https://svelte.dev/e/state_referenced_locally
11:44:42 [vite-plugin-svelte] src/routes/booking-success/+page.svelte:95:8 Using `on:click` to listen to the click event is deprecated. Use the event attribute `onclick` instead
https://svelte.dev/e/event_directive_deprecated
11:54:12 [vite] .env changed, restarting server...
Hello World - Server starting!
11:54:12 [vite-plugin-svelte] You are using Svelte 5.46.1 with vite-plugin-svelte@3. Active Svelte 5 support has moved to vite-plugin-svelte@4.
	To receive bug fixes and new features update your devDependencies to "@sveltejs/vite-plugin-svelte": "^4.0.0-next.6" and install.
	For framework integrations that depend on it, you might have to add an override:
	"overrides": {"@sveltejs/vite-plugin-svelte": "^4.0.0-next.6"}
Your tsconfig.json should extend the configuration generated by SvelteKit:
{
  "extends": "./.svelte-kit/tsconfig.json"
}
11:54:13 [vite] server restarted.
